Running: /home/hh/Xilinx/14.7/ISE_DS/ISE/bin/lin64/unwrapped/fuse -relaunch -intstyle "ise" -incremental -lib "unisims_ver" -lib "unimacro_ver" -lib "xilinxcorelib_ver" -o "/home/hh/ISE/Projects/hhhh/clks_isim_beh.exe" -prj "/home/hh/ISE/Projects/hhhh/clks_beh.prj" "work.clks" "work.glbl" 
ISim P.20131013 (signature 0xfbc00daa)
Number of CPUs detected in this system: 8
Turning on mult-threading, number of parallel sub-compilation jobs: 16 
Determining compilation order of HDL files
Analyzing Verilog file "/home/hh/ISE/Projects/hhhh/HH_PWM.v" into library work
Analyzing Verilog file "/home/hh/Xilinx/14.7/ISE_DS/ISE//verilog/src/glbl.v" into library work
Starting static elaboration
Completed static elaboration
Fuse Memory Usage: 94748 KB
Fuse CPU Usage: 1020 ms
Compiling module clks
Compiling module glbl
Time Resolution for simulation is 1ps.
Waiting for 1 sub-compilation(s) to finish...
Compiled 2 Verilog Units
Built simulation executable /home/hh/ISE/Projects/hhhh/clks_isim_beh.exe
Fuse Memory Usage: 1179204 KB
Fuse CPU Usage: 1030 ms
GCC CPU Usage: 80 ms
